<?xml version="1.0" encoding="UTF-8"?>
<testsuite name="com.jini.zendesk.search.index.DataIndexStoreTest" tests="3" skipped="0" failures="0" errors="0" timestamp="2021-03-01T21:30:21" hostname="Monendras-MBP-2.modem" time="0.232">
  <properties/>
  <testcase name="testOrdIndexLoad" classname="com.jini.zendesk.search.index.DataIndexStoreTest" time="0.176"/>
  <testcase name="testUserIndexLoad" classname="com.jini.zendesk.search.index.DataIndexStoreTest" time="0.024"/>
  <testcase name="testTicketIndexLoad" classname="com.jini.zendesk.search.index.DataIndexStoreTest" time="0.031"/>
  <system-out><![CDATA[]]></system-out>
  <system-err><![CDATA[]]></system-err>
</testsuite>
