<?xml version="1.0" encoding="UTF-8"?>
<testsuite name="com.jini.zendesk.search.index.DataIndexStoreTest" tests="1" skipped="0" failures="0" errors="0" timestamp="2021-02-28T22:56:30" hostname="Monendras-MBP-2.modem" time="0.213">
  <properties/>
  <testcase name="testOrdIndexLoad" classname="com.jini.zendesk.search.index.DataIndexStoreTest" time="0.213"/>
  <system-out><![CDATA[]]></system-out>
  <system-err><![CDATA[]]></system-err>
</testsuite>
